e:\code\qt\maze\maze\x64\debug\vc120.pdb
e:\code\qt\maze\maze\x64\debug\openglwidget.obj
e:\code\qt\maze\maze\x64\debug\maze_map.obj
e:\code\qt\maze\maze\x64\debug\maze.obj
e:\code\qt\maze\maze\x64\debug\main.obj
e:\code\qt\maze\maze\x64\debug\moc_openglwidget.obj
e:\code\qt\maze\maze\x64\debug\moc_maze.obj
e:\code\qt\maze\maze\x64\debug\qrc_maze.obj
e:\code\qt\maze\maze\generatedfiles\debug\moc_maze.cpp
e:\code\qt\maze\maze\generatedfiles\ui_maze.h
e:\code\qt\maze\maze\generatedfiles\debug\moc_openglwidget.cpp
e:\code\qt\maze\maze\generatedfiles\qrc_maze.cpp
e:\code\qt\maze\x64\debug\maze.ilk
e:\code\qt\maze\x64\debug\maze.exe
e:\code\qt\maze\x64\debug\maze.pdb
c:\users\qhan\desktop\cglab\pj2\hw\maze\x64\debug\main.obj
c:\users\qhan\desktop\cglab\pj2\hw\maze\x64\debug\maze.obj
c:\users\qhan\desktop\cglab\pj2\hw\maze\x64\debug\maze_map.obj
c:\users\qhan\desktop\cglab\pj2\hw\maze\x64\debug\moc_maze.obj
c:\users\qhan\desktop\cglab\pj2\hw\maze\x64\debug\moc_openglwidget.obj
c:\users\qhan\desktop\cglab\pj2\hw\maze\x64\debug\openglwidget.obj
c:\users\qhan\desktop\cglab\pj2\hw\maze\x64\debug\qrc_maze.obj
c:\users\qhan\desktop\cglab\pj2\hw\maze\x64\debug\vc120.pdb
c:\users\qhan\desktop\cglab\pj2\hw\maze\x64\debug\maze.tlog\cl.command.1.tlog
c:\users\qhan\desktop\cglab\pj2\hw\maze\x64\debug\maze.tlog\cl.read.1.tlog
c:\users\qhan\desktop\cglab\pj2\hw\maze\x64\debug\maze.tlog\cl.write.1.tlog
c:\users\qhan\desktop\cglab\pj2\hw\maze\x64\debug\maze.tlog\custombuild.command.1.tlog
c:\users\qhan\desktop\cglab\pj2\hw\maze\x64\debug\maze.tlog\custombuild.read.1.tlog
c:\users\qhan\desktop\cglab\pj2\hw\maze\x64\debug\maze.tlog\custombuild.write.1.tlog
c:\users\qhan\desktop\cglab\pj2\hw\maze\x64\debug\maze.tlog\link.command.1.tlog
c:\users\qhan\desktop\cglab\pj2\hw\maze\x64\debug\maze.tlog\link.read.1.tlog
c:\users\qhan\desktop\cglab\pj2\hw\maze\x64\debug\maze.tlog\link.write.1.tlog
